<?xml version="1.0" encoding="UTF-8"?>
<testng-results ignored="1" total="2" passed="1" failed="0" skipped="0">
  <reporter-output>
  </reporter-output>
  <suite started-at="2023-05-01T17:02:48 PDT" name="Default suite" finished-at="2023-05-01T17:02:48 PDT" duration-ms="44">
    <groups>
    </groups>
    <test started-at="2023-05-01T17:02:48 PDT" name="Default test" finished-at="2023-05-01T17:02:48 PDT" duration-ms="44">
      <class name="pages.GetAndPostExamples">
        <test-method signature="testPost()[pri:0, instance:pages.GetAndPostExamples@20f5239f]" started-at="2023-05-01T17:02:48 PDT" name="testPost" finished-at="2023-05-01T17:02:48 PDT" duration-ms="8" status="PASS">
          <reporter-output>
          </reporter-output>
        </test-method> <!-- testPost -->
      </class> <!-- pages.GetAndPostExamples -->
    </test> <!-- Default test -->
  </suite> <!-- Default suite -->
</testng-results>
